c:\users\samrat nagarjuna\documents\visual studio 2015\projects\enginedevbox\gameengine\win32\debug\gameengine.pdb
c:\users\samrat nagarjuna\documents\visual studio 2015\projects\enginedevbox\gameengine\win32\debug\gameengine.idb
c:\users\samrat nagarjuna\documents\visual studio 2015\projects\enginedevbox\gameengine\win32\debug\nvector3.obj
c:\users\samrat nagarjuna\documents\visual studio 2015\projects\enginedevbox\gameengine\win32\debug\nphysicsmanager.obj
c:\users\samrat nagarjuna\documents\visual studio 2015\projects\enginedevbox\gameengine\win32\debug\nrigidbody.obj
c:\users\samrat nagarjuna\documents\visual studio 2015\projects\enginedevbox\gameengine\win32\debug\nrenderer.obj
c:\users\samrat nagarjuna\documents\visual studio 2015\projects\enginedevbox\gameengine\win32\debug\nrendermanager.obj
c:\users\samrat nagarjuna\documents\visual studio 2015\projects\enginedevbox\gameengine\win32\debug\ntiming.obj
c:\users\samrat nagarjuna\documents\visual studio 2015\projects\enginedevbox\gameengine\win32\debug\nengine.obj
c:\users\samrat nagarjuna\documents\visual studio 2015\projects\enginedevbox\gameengine\win32\debug\nactor.obj
c:\users\samrat nagarjuna\documents\visual studio 2015\projects\enginedevbox\gameengine\win32\debug\ninputmanager.obj
c:\users\samrat nagarjuna\documents\visual studio 2015\projects\enginedevbox\gameengine\win32\debug\nscenemanager.obj
c:\users\samrat nagarjuna\documents\visual studio 2015\projects\enginedevbox\gameengine\win32\debug\nconsoleprint.obj
c:\users\samrat nagarjuna\documents\visual studio 2015\projects\enginedevbox\gameengine\win32\debug\nhashedstring.obj
c:\users\samrat nagarjuna\documents\visual studio 2015\projects\enginedevbox\gameengine\win32\debug\nmessagemanager.obj
c:\users\samrat nagarjuna\documents\visual studio 2015\projects\enginedevbox\gameengine\win32\debug\nmatrix.obj
c:\users\samrat nagarjuna\documents\visual studio 2015\projects\enginedevbox\gameengine\win32\debug\nvector4.obj
c:\users\samrat nagarjuna\documents\visual studio 2015\projects\enginedevbox\gameengine\win32\debug\nmatrix.sse.obj
c:\users\samrat nagarjuna\documents\visual studio 2015\projects\enginedevbox\gameengine\win32\debug\nmatrix3.obj
c:\users\samrat nagarjuna\documents\visual studio 2015\projects\enginedevbox\gameengine\win32\debug\nmatrix4.obj
c:\users\samrat nagarjuna\documents\visual studio 2015\projects\enginedevbox\gameengine\win32\debug\nmatrix4.sse.obj
c:\users\samrat nagarjuna\documents\visual studio 2015\projects\enginedevbox\gameengine\win32\debug\ncollisionmanager.obj
c:\users\samrat nagarjuna\documents\visual studio 2015\projects\enginedevbox\win32\debug\gameengine.lib
c:\users\samrat nagarjuna\documents\visual studio 2015\projects\enginedevbox\win32\debug\gameengine.pdb
c:\users\samrat nagarjuna\documents\visual studio 2015\projects\enginedevbox\gameengine\win32\debug\gameengine.tlog\cl.command.1.tlog
c:\users\samrat nagarjuna\documents\visual studio 2015\projects\enginedevbox\gameengine\win32\debug\gameengine.tlog\cl.read.1.tlog
c:\users\samrat nagarjuna\documents\visual studio 2015\projects\enginedevbox\gameengine\win32\debug\gameengine.tlog\cl.write.1.tlog
c:\users\samrat nagarjuna\documents\visual studio 2015\projects\enginedevbox\gameengine\win32\debug\gameengine.tlog\lib-link.read.1.tlog
c:\users\samrat nagarjuna\documents\visual studio 2015\projects\enginedevbox\gameengine\win32\debug\gameengine.tlog\lib-link.write.1.tlog
c:\users\samrat nagarjuna\documents\visual studio 2015\projects\enginedevbox\gameengine\win32\debug\gameengine.tlog\lib.command.1.tlog
